<?xml version="1.0" encoding="utf-8"?><testsuites name="pytest tests"><testsuite name="pytest" errors="0" failures="0" skipped="0" tests="10" time="4.831" timestamp="2026-06-16T22:19:41.371419+00:00" hostname="agent-env-f46476dc-a456-478b-a316-69ad66156c5e"><testcase classname="backend.tests.backend_test" name="test_availability_config_default" time="0.287" /><testcase classname="backend.tests.backend_test" name="test_availability_slots_future_weekday" time="0.252" /><testcase classname="backend.tests.backend_test" name="test_create_booking_and_conflict" time="0.479" /><testcase classname="backend.tests.backend_test" name="test_create_quote" time="0.099" /><testcase classname="backend.tests.backend_test" name="test_login_success_and_failure" time="0.697" /><testcase classname="backend.tests.backend_test" name="test_admin_routes_require_auth" time="0.285" /><testcase classname="backend.tests.backend_test" name="test_admin_list_endpoints" time="0.550" /><testcase classname="backend.tests.backend_test" name="test_patch_and_delete_booking_quote" time="0.794" /><testcase classname="backend.tests.backend_test" name="test_update_availability_persists" time="0.740" /><testcase classname="backend.tests.backend_test" name="test_emergency_booking_anytime" time="0.517" /></testsuite></testsuites>